# Logfile created on 2014-03-31 20:34:28 +0800 by logger.rb/44203
I, [2014-03-31T20:34:28.639025 #24041]  INFO -- : 0:  i18n (0.6.9) from /Users/wan/.rvm/gems/ruby-2.1.1@dev/specifications/i18n-0.6.9.gemspec
I, [2014-03-31T20:34:29.593020 #24041]  INFO -- : 0:  multi_json (1.9.2) from /Users/wan/.rvm/gems/ruby-2.1.1@dev/specifications/multi_json-1.9.2.gemspec
I, [2014-03-31T20:34:32.928258 #24041]  INFO -- : 0:  activesupport (3.2.17) from /Users/wan/.rvm/gems/ruby-2.1.1@dev/specifications/activesupport-3.2.17.gemspec
I, [2014-03-31T20:34:32.928633 #24041]  INFO -- : 0:  builder (3.2.2) from /Users/wan/.rvm/gems/ruby-2.1.1@dev/specifications/builder-3.2.2.gemspec
I, [2014-03-31T20:34:32.928912 #24041]  INFO -- : 0:  bundler (1.5.1) from /Users/wan/.rvm/gems/ruby-2.1.1@global/specifications/bundler-1.5.1.gemspec
I, [2014-03-31T20:34:32.929202 #24041]  INFO -- : 0:  chunky_png (1.3.0) from /Users/wan/.rvm/gems/ruby-2.1.1@dev/specifications/chunky_png-1.3.0.gemspec
I, [2014-03-31T20:34:32.929495 #24041]  INFO -- : 0:  coffee-script-source (1.7.0) from /Users/wan/.rvm/gems/ruby-2.1.1@dev/specifications/coffee-script-source-1.7.0.gemspec
I, [2014-03-31T20:34:32.929785 #24041]  INFO -- : 0:  execjs (1.4.0) from /Users/wan/.rvm/gems/ruby-2.1.1@dev/specifications/execjs-1.4.0.gemspec
I, [2014-03-31T20:34:32.930073 #24041]  INFO -- : 0:  coffee-script (2.2.0) from /Users/wan/.rvm/gems/ruby-2.1.1@dev/specifications/coffee-script-2.2.0.gemspec
I, [2014-03-31T20:34:33.858190 #24041]  INFO -- : 0:  colorize (0.7.0) from /Users/wan/.rvm/gems/ruby-2.1.1@dev/specifications/colorize-0.7.0.gemspec
I, [2014-03-31T20:34:33.858528 #24041]  INFO -- : 0:  fssm (0.2.10) from /Users/wan/.rvm/gems/ruby-2.1.1@dev/specifications/fssm-0.2.10.gemspec
I, [2014-03-31T20:34:35.880272 #24041]  INFO -- : 0:  sass (3.2.18) from /Users/wan/.rvm/gems/ruby-2.1.1@dev/specifications/sass-3.2.18.gemspec
I, [2014-03-31T20:34:39.188861 #24041]  INFO -- : 0:  compass (0.12.4) from /Users/wan/.rvm/gems/ruby-2.1.1@dev/specifications/compass-0.12.4.gemspec
I, [2014-03-31T20:34:39.189222 #24041]  INFO -- : 0:  eventmachine (1.0.3) from /Users/wan/.rvm/gems/ruby-2.1.1@dev/specifications/eventmachine-1.0.3.gemspec
I, [2014-03-31T20:34:39.189509 #24041]  INFO -- : 0:  http_parser.rb (0.5.3) from /Users/wan/.rvm/gems/ruby-2.1.1@dev/specifications/http_parser.rb-0.5.3.gemspec
I, [2014-03-31T20:34:39.189793 #24041]  INFO -- : 0:  em-websocket (0.5.0) from /Users/wan/.rvm/gems/ruby-2.1.1@dev/specifications/em-websocket-0.5.0.gemspec
I, [2014-03-31T20:34:40.603963 #24041]  INFO -- : 0:  excon (0.32.1) from /Users/wan/.rvm/gems/ruby-2.1.1@dev/specifications/excon-0.32.1.gemspec
I, [2014-03-31T20:34:40.604325 #24041]  INFO -- : 0:  ffi (1.9.3) from /Users/wan/.rvm/gems/ruby-2.1.1@dev/specifications/ffi-1.9.3.gemspec
I, [2014-03-31T20:34:40.604612 #24041]  INFO -- : 0:  formatador (0.2.4) from /Users/wan/.rvm/gems/ruby-2.1.1@dev/specifications/formatador-0.2.4.gemspec
I, [2014-03-31T20:34:42.665549 #24041]  INFO -- : 0:  mime-types (2.2) from /Users/wan/.rvm/gems/ruby-2.1.1@dev/specifications/mime-types-2.2.gemspec
I, [2014-03-31T20:34:42.665908 #24041]  INFO -- : 0:  net-ssh (2.8.0) from /Users/wan/.rvm/gems/ruby-2.1.1@dev/specifications/net-ssh-2.8.0.gemspec
I, [2014-03-31T20:34:42.666201 #24041]  INFO -- : 0:  net-scp (1.1.2) from /Users/wan/.rvm/gems/ruby-2.1.1@dev/specifications/net-scp-1.1.2.gemspec
I, [2014-03-31T20:34:44.185018 #24041]  INFO -- : 0:  fog-core (1.21.1) from /Users/wan/.rvm/gems/ruby-2.1.1@dev/specifications/fog-core-1.21.1.gemspec
I, [2014-03-31T20:34:44.906301 #24041]  INFO -- : 0:  fog-json (1.0.0) from /Users/wan/.rvm/gems/ruby-2.1.1@dev/specifications/fog-json-1.0.0.gemspec
I, [2014-03-31T20:34:46.453701 #24041]  INFO -- : 0:  fog-brightbox (0.0.1) from /Users/wan/.rvm/gems/ruby-2.1.1@dev/specifications/fog-brightbox-0.0.1.gemspec
I, [2014-03-31T20:34:46.941432 #24041]  INFO -- : 0:  mini_portile (0.5.3) from /Users/wan/.rvm/gems/ruby-2.1.1@dev/specifications/mini_portile-0.5.3.gemspec
I, [2014-03-31T20:34:46.941784 #24041]  INFO -- : 0:  nokogiri (1.6.1) from /Users/wan/.rvm/gems/ruby-2.1.1@dev/specifications/nokogiri-1.6.1.gemspec
I, [2014-03-31T20:34:55.621661 #24041]  INFO -- : 0:  fog (1.21.0) from /Users/wan/.rvm/gems/ruby-2.1.1@dev/specifications/fog-1.21.0.gemspec
I, [2014-03-31T20:34:55.622020 #24041]  INFO -- : 0:  tilt (1.4.1) from /Users/wan/.rvm/gems/ruby-2.1.1@dev/specifications/tilt-1.4.1.gemspec
I, [2014-03-31T20:34:55.622308 #24041]  INFO -- : 0:  haml (4.0.5) from /Users/wan/.rvm/gems/ruby-2.1.1@dev/specifications/haml-4.0.5.gemspec
I, [2014-03-31T20:34:55.622591 #24041]  INFO -- : 0:  hike (1.2.3) from /Users/wan/.rvm/gems/ruby-2.1.1@dev/specifications/hike-1.2.3.gemspec
I, [2014-03-31T20:34:55.623538 #24041]  INFO -- : 0:  json (1.8.1) from /Users/wan/.rvm/rubies/ruby-2.1.1/lib/ruby/gems/2.1.0/specifications/default/json-1.8.1.gemspec
I, [2014-03-31T20:34:56.876587 #24041]  INFO -- : 0:  kramdown (1.3.3) from /Users/wan/.rvm/gems/ruby-2.1.1@dev/specifications/kramdown-1.3.3.gemspec
I, [2014-03-31T20:34:56.877020 #24041]  INFO -- : 0:  rb-fsevent (0.9.4) from /Users/wan/.rvm/gems/ruby-2.1.1@dev/specifications/rb-fsevent-0.9.4.gemspec
I, [2014-03-31T20:34:56.877402 #24041]  INFO -- : 0:  rb-inotify (0.9.3) from /Users/wan/.rvm/gems/ruby-2.1.1@dev/specifications/rb-inotify-0.9.3.gemspec
I, [2014-03-31T20:34:58.112128 #24041]  INFO -- : 0:  rb-kqueue (0.2.2) from /Users/wan/.rvm/gems/ruby-2.1.1@dev/specifications/rb-kqueue-0.2.2.gemspec
I, [2014-03-31T20:34:58.112490 #24041]  INFO -- : 0:  listen (1.3.1) from /Users/wan/.rvm/gems/ruby-2.1.1@dev/specifications/listen-1.3.1.gemspec
I, [2014-03-31T20:34:59.400103 #24041]  INFO -- : 0:  map (6.5.3) from /Users/wan/.rvm/gems/ruby-2.1.1@dev/specifications/map-6.5.3.gemspec
I, [2014-03-31T20:34:59.400446 #24041]  INFO -- : 0:  rack (1.5.2) from /Users/wan/.rvm/gems/ruby-2.1.1@dev/specifications/rack-1.5.2.gemspec
I, [2014-03-31T20:34:59.400730 #24041]  INFO -- : 0:  rack-test (0.6.2) from /Users/wan/.rvm/gems/ruby-2.1.1@dev/specifications/rack-test-0.6.2.gemspec
I, [2014-03-31T20:35:00.027686 #24041]  INFO -- : 0:  thor (0.19.1) from /Users/wan/.rvm/gems/ruby-2.1.1@dev/specifications/thor-0.19.1.gemspec
I, [2014-03-31T20:35:00.028048 #24041]  INFO -- : 0:  middleman-core (3.2.2) from /Users/wan/.rvm/gems/ruby-2.1.1@dev/specifications/middleman-core-3.2.2.gemspec
I, [2014-03-31T20:35:00.584418 #24041]  INFO -- : 0:  sprockets (2.12.0) from /Users/wan/.rvm/gems/ruby-2.1.1@dev/specifications/sprockets-2.12.0.gemspec
I, [2014-03-31T20:35:00.584778 #24041]  INFO -- : 0:  sprockets-helpers (1.0.1) from /Users/wan/.rvm/gems/ruby-2.1.1@dev/specifications/sprockets-helpers-1.0.1.gemspec
I, [2014-03-31T20:35:01.347445 #24041]  INFO -- : 0:  sprockets-sass (1.0.3) from /Users/wan/.rvm/gems/ruby-2.1.1@dev/specifications/sprockets-sass-1.0.3.gemspec
I, [2014-03-31T20:35:02.859608 #24041]  INFO -- : 0:  middleman-sprockets (3.3.1) from /Users/wan/.rvm/gems/ruby-2.1.1@dev/specifications/middleman-sprockets-3.3.1.gemspec
I, [2014-03-31T20:35:02.859980 #24041]  INFO -- : 0:  uglifier (2.4.0) from /Users/wan/.rvm/gems/ruby-2.1.1@dev/specifications/uglifier-2.4.0.gemspec
I, [2014-03-31T20:35:02.860282 #24041]  INFO -- : 0:  middleman (3.2.2) from /Users/wan/.rvm/gems/ruby-2.1.1@dev/specifications/middleman-3.2.2.gemspec
I, [2014-03-31T20:35:02.860572 #24041]  INFO -- : 0:  rack-livereload (0.3.15) from /Users/wan/.rvm/gems/ruby-2.1.1@dev/specifications/rack-livereload-0.3.15.gemspec
I, [2014-03-31T20:35:02.860866 #24041]  INFO -- : 0:  middleman-livereload (3.1.1) from /Users/wan/.rvm/gems/ruby-2.1.1@dev/specifications/middleman-livereload-3.1.1.gemspec
I, [2014-03-31T20:35:02.861156 #24041]  INFO -- : 0:  pmap (1.0.1) from /Users/wan/.rvm/gems/ruby-2.1.1@dev/specifications/pmap-1.0.1.gemspec
I, [2014-03-31T20:35:03.612563 #24041]  INFO -- : 0:  ruby-progressbar (1.4.2) from /Users/wan/.rvm/gems/ruby-2.1.1@dev/specifications/ruby-progressbar-1.4.2.gemspec
I, [2014-03-31T20:35:03.612916 #24041]  INFO -- : 0:  unf_ext (0.0.6) from /Users/wan/.rvm/gems/ruby-2.1.1@dev/specifications/unf_ext-0.0.6.gemspec
I, [2014-03-31T20:35:03.613202 #24041]  INFO -- : 0:  unf (0.1.3) from /Users/wan/.rvm/gems/ruby-2.1.1@dev/specifications/unf-0.1.3.gemspec
I, [2014-03-31T20:35:04.787412 #24041]  INFO -- : 0:  middleman-s3_sync (3.0.25) from /Users/wan/.rvm/gems/ruby-2.1.1@dev/specifications/middleman-s3_sync-3.0.25.gemspec
I, [2014-03-31T20:36:23.542926 #24238]  INFO -- : 0:  i18n (0.6.9) from /Users/wan/.rvm/gems/ruby-2.1.1@dev/specifications/i18n-0.6.9.gemspec
I, [2014-03-31T20:36:23.543410 #24238]  INFO -- : 0:  multi_json (1.9.2) from /Users/wan/.rvm/gems/ruby-2.1.1@dev/specifications/multi_json-1.9.2.gemspec
I, [2014-03-31T20:36:23.543741 #24238]  INFO -- : 0:  activesupport (3.2.17) from /Users/wan/.rvm/gems/ruby-2.1.1@dev/specifications/activesupport-3.2.17.gemspec
I, [2014-03-31T20:36:23.544046 #24238]  INFO -- : 0:  builder (3.2.2) from /Users/wan/.rvm/gems/ruby-2.1.1@dev/specifications/builder-3.2.2.gemspec
I, [2014-03-31T20:36:23.544356 #24238]  INFO -- : 0:  chunky_png (1.3.0) from /Users/wan/.rvm/gems/ruby-2.1.1@dev/specifications/chunky_png-1.3.0.gemspec
I, [2014-03-31T20:36:23.544665 #24238]  INFO -- : 0:  coffee-script-source (1.7.0) from /Users/wan/.rvm/gems/ruby-2.1.1@dev/specifications/coffee-script-source-1.7.0.gemspec
I, [2014-03-31T20:36:23.544973 #24238]  INFO -- : 0:  execjs (1.4.0) from /Users/wan/.rvm/gems/ruby-2.1.1@dev/specifications/execjs-1.4.0.gemspec
I, [2014-03-31T20:36:23.545283 #24238]  INFO -- : 0:  coffee-script (2.2.0) from /Users/wan/.rvm/gems/ruby-2.1.1@dev/specifications/coffee-script-2.2.0.gemspec
I, [2014-03-31T20:36:23.545616 #24238]  INFO -- : 0:  colorize (0.7.0) from /Users/wan/.rvm/gems/ruby-2.1.1@dev/specifications/colorize-0.7.0.gemspec
I, [2014-03-31T20:36:23.545921 #24238]  INFO -- : 0:  fssm (0.2.10) from /Users/wan/.rvm/gems/ruby-2.1.1@dev/specifications/fssm-0.2.10.gemspec
I, [2014-03-31T20:36:23.546245 #24238]  INFO -- : 0:  sass (3.2.18) from /Users/wan/.rvm/gems/ruby-2.1.1@dev/specifications/sass-3.2.18.gemspec
I, [2014-03-31T20:36:23.546559 #24238]  INFO -- : 0:  compass (0.12.4) from /Users/wan/.rvm/gems/ruby-2.1.1@dev/specifications/compass-0.12.4.gemspec
I, [2014-03-31T20:36:23.546866 #24238]  INFO -- : 0:  eventmachine (1.0.3) from /Users/wan/.rvm/gems/ruby-2.1.1@dev/specifications/eventmachine-1.0.3.gemspec
I, [2014-03-31T20:36:23.547178 #24238]  INFO -- : 0:  http_parser.rb (0.5.3) from /Users/wan/.rvm/gems/ruby-2.1.1@dev/specifications/http_parser.rb-0.5.3.gemspec
I, [2014-03-31T20:36:23.547482 #24238]  INFO -- : 0:  em-websocket (0.5.0) from /Users/wan/.rvm/gems/ruby-2.1.1@dev/specifications/em-websocket-0.5.0.gemspec
I, [2014-03-31T20:36:23.547798 #24238]  INFO -- : 0:  excon (0.32.1) from /Users/wan/.rvm/gems/ruby-2.1.1@dev/specifications/excon-0.32.1.gemspec
I, [2014-03-31T20:36:23.548105 #24238]  INFO -- : 0:  ffi (1.9.3) from /Users/wan/.rvm/gems/ruby-2.1.1@dev/specifications/ffi-1.9.3.gemspec
I, [2014-03-31T20:36:23.548429 #24238]  INFO -- : 0:  formatador (0.2.4) from /Users/wan/.rvm/gems/ruby-2.1.1@dev/specifications/formatador-0.2.4.gemspec
I, [2014-03-31T20:36:23.548757 #24238]  INFO -- : 0:  mime-types (2.2) from /Users/wan/.rvm/gems/ruby-2.1.1@dev/specifications/mime-types-2.2.gemspec
I, [2014-03-31T20:36:23.549064 #24238]  INFO -- : 0:  net-ssh (2.8.0) from /Users/wan/.rvm/gems/ruby-2.1.1@dev/specifications/net-ssh-2.8.0.gemspec
I, [2014-03-31T20:36:23.549366 #24238]  INFO -- : 0:  net-scp (1.1.2) from /Users/wan/.rvm/gems/ruby-2.1.1@dev/specifications/net-scp-1.1.2.gemspec
I, [2014-03-31T20:36:23.549669 #24238]  INFO -- : 0:  fog-core (1.21.1) from /Users/wan/.rvm/gems/ruby-2.1.1@dev/specifications/fog-core-1.21.1.gemspec
I, [2014-03-31T20:36:23.549978 #24238]  INFO -- : 0:  fog-json (1.0.0) from /Users/wan/.rvm/gems/ruby-2.1.1@dev/specifications/fog-json-1.0.0.gemspec
I, [2014-03-31T20:36:23.550287 #24238]  INFO -- : 0:  fog-brightbox (0.0.1) from /Users/wan/.rvm/gems/ruby-2.1.1@dev/specifications/fog-brightbox-0.0.1.gemspec
I, [2014-03-31T20:36:23.550603 #24238]  INFO -- : 0:  mini_portile (0.5.3) from /Users/wan/.rvm/gems/ruby-2.1.1@dev/specifications/mini_portile-0.5.3.gemspec
I, [2014-03-31T20:36:23.550934 #24238]  INFO -- : 0:  nokogiri (1.6.1) from /Users/wan/.rvm/gems/ruby-2.1.1@dev/specifications/nokogiri-1.6.1.gemspec
I, [2014-03-31T20:36:23.551553 #24238]  INFO -- : 0:  fog (1.21.0) from /Users/wan/.rvm/gems/ruby-2.1.1@dev/specifications/fog-1.21.0.gemspec
I, [2014-03-31T20:36:23.551859 #24238]  INFO -- : 0:  tilt (1.4.1) from /Users/wan/.rvm/gems/ruby-2.1.1@dev/specifications/tilt-1.4.1.gemspec
I, [2014-03-31T20:36:23.552169 #24238]  INFO -- : 0:  haml (4.0.5) from /Users/wan/.rvm/gems/ruby-2.1.1@dev/specifications/haml-4.0.5.gemspec
I, [2014-03-31T20:36:23.552480 #24238]  INFO -- : 0:  hike (1.2.3) from /Users/wan/.rvm/gems/ruby-2.1.1@dev/specifications/hike-1.2.3.gemspec
I, [2014-03-31T20:36:23.552783 #24238]  INFO -- : 0:  json (1.8.1) from /Users/wan/.rvm/rubies/ruby-2.1.1/lib/ruby/gems/2.1.0/specifications/default/json-1.8.1.gemspec
I, [2014-03-31T20:36:23.553098 #24238]  INFO -- : 0:  kramdown (1.3.3) from /Users/wan/.rvm/gems/ruby-2.1.1@dev/specifications/kramdown-1.3.3.gemspec
I, [2014-03-31T20:36:23.553430 #24238]  INFO -- : 0:  rb-fsevent (0.9.4) from /Users/wan/.rvm/gems/ruby-2.1.1@dev/specifications/rb-fsevent-0.9.4.gemspec
I, [2014-03-31T20:36:23.553738 #24238]  INFO -- : 0:  rb-inotify (0.9.3) from /Users/wan/.rvm/gems/ruby-2.1.1@dev/specifications/rb-inotify-0.9.3.gemspec
I, [2014-03-31T20:36:23.554081 #24238]  INFO -- : 0:  rb-kqueue (0.2.2) from /Users/wan/.rvm/gems/ruby-2.1.1@dev/specifications/rb-kqueue-0.2.2.gemspec
I, [2014-03-31T20:36:23.554420 #24238]  INFO -- : 0:  listen (1.3.1) from /Users/wan/.rvm/gems/ruby-2.1.1@dev/specifications/listen-1.3.1.gemspec
I, [2014-03-31T20:36:23.554730 #24238]  INFO -- : 0:  map (6.5.3) from /Users/wan/.rvm/gems/ruby-2.1.1@dev/specifications/map-6.5.3.gemspec
I, [2014-03-31T20:36:23.555019 #24238]  INFO -- : 0:  bundler (1.5.1) from /Users/wan/.rvm/gems/ruby-2.1.1@global/specifications/bundler-1.5.1.gemspec
I, [2014-03-31T20:36:23.555337 #24238]  INFO -- : 0:  rack (1.5.2) from /Users/wan/.rvm/gems/ruby-2.1.1@dev/specifications/rack-1.5.2.gemspec
I, [2014-03-31T20:36:23.555656 #24238]  INFO -- : 0:  rack-test (0.6.2) from /Users/wan/.rvm/gems/ruby-2.1.1@dev/specifications/rack-test-0.6.2.gemspec
I, [2014-03-31T20:36:23.555972 #24238]  INFO -- : 0:  thor (0.19.1) from /Users/wan/.rvm/gems/ruby-2.1.1@dev/specifications/thor-0.19.1.gemspec
I, [2014-03-31T20:36:23.556284 #24238]  INFO -- : 0:  middleman-core (3.2.2) from /Users/wan/.rvm/gems/ruby-2.1.1@dev/specifications/middleman-core-3.2.2.gemspec
I, [2014-03-31T20:36:23.556616 #24238]  INFO -- : 0:  sprockets (2.12.0) from /Users/wan/.rvm/gems/ruby-2.1.1@dev/specifications/sprockets-2.12.0.gemspec
I, [2014-03-31T20:36:23.556928 #24238]  INFO -- : 0:  sprockets-helpers (1.0.1) from /Users/wan/.rvm/gems/ruby-2.1.1@dev/specifications/sprockets-helpers-1.0.1.gemspec
I, [2014-03-31T20:36:23.557240 #24238]  INFO -- : 0:  sprockets-sass (1.0.3) from /Users/wan/.rvm/gems/ruby-2.1.1@dev/specifications/sprockets-sass-1.0.3.gemspec
I, [2014-03-31T20:36:23.557555 #24238]  INFO -- : 0:  middleman-sprockets (3.3.1) from /Users/wan/.rvm/gems/ruby-2.1.1@dev/specifications/middleman-sprockets-3.3.1.gemspec
I, [2014-03-31T20:36:23.557864 #24238]  INFO -- : 0:  uglifier (2.4.0) from /Users/wan/.rvm/gems/ruby-2.1.1@dev/specifications/uglifier-2.4.0.gemspec
I, [2014-03-31T20:36:23.558180 #24238]  INFO -- : 0:  middleman (3.2.2) from /Users/wan/.rvm/gems/ruby-2.1.1@dev/specifications/middleman-3.2.2.gemspec
I, [2014-03-31T20:36:23.558485 #24238]  INFO -- : 0:  rack-livereload (0.3.15) from /Users/wan/.rvm/gems/ruby-2.1.1@dev/specifications/rack-livereload-0.3.15.gemspec
I, [2014-03-31T20:36:23.558794 #24238]  INFO -- : 0:  middleman-livereload (3.1.1) from /Users/wan/.rvm/gems/ruby-2.1.1@dev/specifications/middleman-livereload-3.1.1.gemspec
I, [2014-03-31T20:36:23.559126 #24238]  INFO -- : 0:  pmap (1.0.1) from /Users/wan/.rvm/gems/ruby-2.1.1@dev/specifications/pmap-1.0.1.gemspec
I, [2014-03-31T20:36:23.559451 #24238]  INFO -- : 0:  ruby-progressbar (1.4.2) from /Users/wan/.rvm/gems/ruby-2.1.1@dev/specifications/ruby-progressbar-1.4.2.gemspec
I, [2014-03-31T20:36:23.559764 #24238]  INFO -- : 0:  unf_ext (0.0.6) from /Users/wan/.rvm/gems/ruby-2.1.1@dev/specifications/unf_ext-0.0.6.gemspec
I, [2014-03-31T20:36:23.560077 #24238]  INFO -- : 0:  unf (0.1.3) from /Users/wan/.rvm/gems/ruby-2.1.1@dev/specifications/unf-0.1.3.gemspec
I, [2014-03-31T20:36:23.560414 #24238]  INFO -- : 0:  middleman-s3_sync (3.0.25) from /Users/wan/.rvm/gems/ruby-2.1.1@dev/specifications/middleman-s3_sync-3.0.25.gemspec
I, [2014-03-31T20:43:53.178729 #29693]  INFO -- : 0:  i18n (0.6.9) from /Users/wan/.rvm/gems/ruby-2.1.1@dev/specifications/i18n-0.6.9.gemspec
I, [2014-03-31T20:43:53.179129 #29693]  INFO -- : 0:  multi_json (1.9.2) from /Users/wan/.rvm/gems/ruby-2.1.1@dev/specifications/multi_json-1.9.2.gemspec
I, [2014-03-31T20:43:53.179446 #29693]  INFO -- : 0:  activesupport (3.2.17) from /Users/wan/.rvm/gems/ruby-2.1.1@dev/specifications/activesupport-3.2.17.gemspec
I, [2014-03-31T20:43:53.179746 #29693]  INFO -- : 0:  builder (3.2.2) from /Users/wan/.rvm/gems/ruby-2.1.1@dev/specifications/builder-3.2.2.gemspec
I, [2014-03-31T20:43:53.180046 #29693]  INFO -- : 0:  chunky_png (1.3.0) from /Users/wan/.rvm/gems/ruby-2.1.1@dev/specifications/chunky_png-1.3.0.gemspec
I, [2014-03-31T20:43:53.180345 #29693]  INFO -- : 0:  coffee-script-source (1.7.0) from /Users/wan/.rvm/gems/ruby-2.1.1@dev/specifications/coffee-script-source-1.7.0.gemspec
I, [2014-03-31T20:43:53.180640 #29693]  INFO -- : 0:  execjs (1.4.0) from /Users/wan/.rvm/gems/ruby-2.1.1@dev/specifications/execjs-1.4.0.gemspec
I, [2014-03-31T20:43:53.180943 #29693]  INFO -- : 0:  coffee-script (2.2.0) from /Users/wan/.rvm/gems/ruby-2.1.1@dev/specifications/coffee-script-2.2.0.gemspec
I, [2014-03-31T20:43:53.181248 #29693]  INFO -- : 0:  colorize (0.7.0) from /Users/wan/.rvm/gems/ruby-2.1.1@dev/specifications/colorize-0.7.0.gemspec
I, [2014-03-31T20:43:53.181542 #29693]  INFO -- : 0:  fssm (0.2.10) from /Users/wan/.rvm/gems/ruby-2.1.1@dev/specifications/fssm-0.2.10.gemspec
I, [2014-03-31T20:43:53.181832 #29693]  INFO -- : 0:  sass (3.2.18) from /Users/wan/.rvm/gems/ruby-2.1.1@dev/specifications/sass-3.2.18.gemspec
I, [2014-03-31T20:43:53.182145 #29693]  INFO -- : 0:  compass (0.12.4) from /Users/wan/.rvm/gems/ruby-2.1.1@dev/specifications/compass-0.12.4.gemspec
I, [2014-03-31T20:43:53.182445 #29693]  INFO -- : 0:  eventmachine (1.0.3) from /Users/wan/.rvm/gems/ruby-2.1.1@dev/specifications/eventmachine-1.0.3.gemspec
I, [2014-03-31T20:43:53.182738 #29693]  INFO -- : 0:  http_parser.rb (0.5.3) from /Users/wan/.rvm/gems/ruby-2.1.1@dev/specifications/http_parser.rb-0.5.3.gemspec
I, [2014-03-31T20:43:53.183040 #29693]  INFO -- : 0:  em-websocket (0.5.0) from /Users/wan/.rvm/gems/ruby-2.1.1@dev/specifications/em-websocket-0.5.0.gemspec
I, [2014-03-31T20:43:53.183337 #29693]  INFO -- : 0:  excon (0.32.1) from /Users/wan/.rvm/gems/ruby-2.1.1@dev/specifications/excon-0.32.1.gemspec
I, [2014-03-31T20:43:53.183629 #29693]  INFO -- : 0:  ffi (1.9.3) from /Users/wan/.rvm/gems/ruby-2.1.1@dev/specifications/ffi-1.9.3.gemspec
I, [2014-03-31T20:43:53.183925 #29693]  INFO -- : 0:  formatador (0.2.4) from /Users/wan/.rvm/gems/ruby-2.1.1@dev/specifications/formatador-0.2.4.gemspec
I, [2014-03-31T20:43:53.184226 #29693]  INFO -- : 0:  mime-types (2.2) from /Users/wan/.rvm/gems/ruby-2.1.1@dev/specifications/mime-types-2.2.gemspec
I, [2014-03-31T20:43:53.184521 #29693]  INFO -- : 0:  net-ssh (2.8.0) from /Users/wan/.rvm/gems/ruby-2.1.1@dev/specifications/net-ssh-2.8.0.gemspec
I, [2014-03-31T20:43:53.184818 #29693]  INFO -- : 0:  net-scp (1.1.2) from /Users/wan/.rvm/gems/ruby-2.1.1@dev/specifications/net-scp-1.1.2.gemspec
I, [2014-03-31T20:43:53.185114 #29693]  INFO -- : 0:  fog-core (1.21.1) from /Users/wan/.rvm/gems/ruby-2.1.1@dev/specifications/fog-core-1.21.1.gemspec
I, [2014-03-31T20:43:53.185412 #29693]  INFO -- : 0:  fog-json (1.0.0) from /Users/wan/.rvm/gems/ruby-2.1.1@dev/specifications/fog-json-1.0.0.gemspec
I, [2014-03-31T20:43:53.185696 #29693]  INFO -- : 0:  fog-brightbox (0.0.1) from /Users/wan/.rvm/gems/ruby-2.1.1@dev/specifications/fog-brightbox-0.0.1.gemspec
I, [2014-03-31T20:43:53.186309 #29693]  INFO -- : 0:  mini_portile (0.5.3) from /Users/wan/.rvm/gems/ruby-2.1.1@dev/specifications/mini_portile-0.5.3.gemspec
I, [2014-03-31T20:46:11.202643 #29693]  INFO -- : 0:  nokogiri (1.6.1) from /Users/wan/.rvm/gems/ruby-2.1.1@dev/specifications/nokogiri-1.6.1.gemspec
I, [2014-03-31T20:46:11.203158 #29693]  INFO -- : 0:  fog (1.21.0) from /Users/wan/.rvm/gems/ruby-2.1.1@dev/specifications/fog-1.21.0.gemspec
I, [2014-03-31T20:46:11.203508 #29693]  INFO -- : 0:  tilt (1.4.1) from /Users/wan/.rvm/gems/ruby-2.1.1@dev/specifications/tilt-1.4.1.gemspec
I, [2014-03-31T20:46:11.203864 #29693]  INFO -- : 0:  haml (4.0.5) from /Users/wan/.rvm/gems/ruby-2.1.1@dev/specifications/haml-4.0.5.gemspec
I, [2014-03-31T20:46:11.204217 #29693]  INFO -- : 0:  hike (1.2.3) from /Users/wan/.rvm/gems/ruby-2.1.1@dev/specifications/hike-1.2.3.gemspec
I, [2014-03-31T20:46:11.204551 #29693]  INFO -- : 0:  json (1.8.1) from /Users/wan/.rvm/rubies/ruby-2.1.1/lib/ruby/gems/2.1.0/specifications/default/json-1.8.1.gemspec
I, [2014-03-31T20:46:11.204898 #29693]  INFO -- : 0:  kramdown (1.3.3) from /Users/wan/.rvm/gems/ruby-2.1.1@dev/specifications/kramdown-1.3.3.gemspec
I, [2014-03-31T20:46:11.205244 #29693]  INFO -- : 0:  rb-fsevent (0.9.4) from /Users/wan/.rvm/gems/ruby-2.1.1@dev/specifications/rb-fsevent-0.9.4.gemspec
I, [2014-03-31T20:46:11.205584 #29693]  INFO -- : 0:  rb-inotify (0.9.3) from /Users/wan/.rvm/gems/ruby-2.1.1@dev/specifications/rb-inotify-0.9.3.gemspec
I, [2014-03-31T20:46:11.206116 #29693]  INFO -- : 0:  rb-kqueue (0.2.2) from /Users/wan/.rvm/gems/ruby-2.1.1@dev/specifications/rb-kqueue-0.2.2.gemspec
I, [2014-03-31T20:46:11.206487 #29693]  INFO -- : 0:  listen (1.3.1) from /Users/wan/.rvm/gems/ruby-2.1.1@dev/specifications/listen-1.3.1.gemspec
I, [2014-03-31T20:46:11.206849 #29693]  INFO -- : 0:  map (6.5.3) from /Users/wan/.rvm/gems/ruby-2.1.1@dev/specifications/map-6.5.3.gemspec
I, [2014-03-31T20:46:11.207187 #29693]  INFO -- : 0:  bundler (1.5.1) from /Users/wan/.rvm/gems/ruby-2.1.1@global/specifications/bundler-1.5.1.gemspec
I, [2014-03-31T20:46:11.207537 #29693]  INFO -- : 0:  rack (1.5.2) from /Users/wan/.rvm/gems/ruby-2.1.1@dev/specifications/rack-1.5.2.gemspec
I, [2014-03-31T20:46:11.207886 #29693]  INFO -- : 0:  rack-test (0.6.2) from /Users/wan/.rvm/gems/ruby-2.1.1@dev/specifications/rack-test-0.6.2.gemspec
I, [2014-03-31T20:46:11.208238 #29693]  INFO -- : 0:  thor (0.19.1) from /Users/wan/.rvm/gems/ruby-2.1.1@dev/specifications/thor-0.19.1.gemspec
I, [2014-03-31T20:46:11.208590 #29693]  INFO -- : 0:  middleman-core (3.2.2) from /Users/wan/.rvm/gems/ruby-2.1.1@dev/specifications/middleman-core-3.2.2.gemspec
I, [2014-03-31T20:46:11.208958 #29693]  INFO -- : 0:  sprockets (2.12.0) from /Users/wan/.rvm/gems/ruby-2.1.1@dev/specifications/sprockets-2.12.0.gemspec
I, [2014-03-31T20:46:11.209328 #29693]  INFO -- : 0:  sprockets-helpers (1.0.1) from /Users/wan/.rvm/gems/ruby-2.1.1@dev/specifications/sprockets-helpers-1.0.1.gemspec
I, [2014-03-31T20:46:11.209673 #29693]  INFO -- : 0:  sprockets-sass (1.0.3) from /Users/wan/.rvm/gems/ruby-2.1.1@dev/specifications/sprockets-sass-1.0.3.gemspec
I, [2014-03-31T20:46:11.210011 #29693]  INFO -- : 0:  middleman-sprockets (3.3.1) from /Users/wan/.rvm/gems/ruby-2.1.1@dev/specifications/middleman-sprockets-3.3.1.gemspec
I, [2014-03-31T20:46:11.210338 #29693]  INFO -- : 0:  uglifier (2.4.0) from /Users/wan/.rvm/gems/ruby-2.1.1@dev/specifications/uglifier-2.4.0.gemspec
I, [2014-03-31T20:46:11.210663 #29693]  INFO -- : 0:  middleman (3.2.2) from /Users/wan/.rvm/gems/ruby-2.1.1@dev/specifications/middleman-3.2.2.gemspec
I, [2014-03-31T20:46:11.210990 #29693]  INFO -- : 0:  rack-livereload (0.3.15) from /Users/wan/.rvm/gems/ruby-2.1.1@dev/specifications/rack-livereload-0.3.15.gemspec
I, [2014-03-31T20:46:11.211321 #29693]  INFO -- : 0:  middleman-livereload (3.1.1) from /Users/wan/.rvm/gems/ruby-2.1.1@dev/specifications/middleman-livereload-3.1.1.gemspec
I, [2014-03-31T20:46:11.211649 #29693]  INFO -- : 0:  pmap (1.0.1) from /Users/wan/.rvm/gems/ruby-2.1.1@dev/specifications/pmap-1.0.1.gemspec
I, [2014-03-31T20:46:11.212167 #29693]  INFO -- : 0:  ruby-progressbar (1.4.2) from /Users/wan/.rvm/gems/ruby-2.1.1@dev/specifications/ruby-progressbar-1.4.2.gemspec
I, [2014-03-31T20:46:11.212498 #29693]  INFO -- : 0:  unf_ext (0.0.6) from /Users/wan/.rvm/gems/ruby-2.1.1@dev/specifications/unf_ext-0.0.6.gemspec
I, [2014-03-31T20:46:11.212821 #29693]  INFO -- : 0:  unf (0.1.3) from /Users/wan/.rvm/gems/ruby-2.1.1@dev/specifications/unf-0.1.3.gemspec
I, [2014-03-31T20:46:11.213156 #29693]  INFO -- : 0:  middleman-s3_sync (3.0.25) from /Users/wan/.rvm/gems/ruby-2.1.1@dev/specifications/middleman-s3_sync-3.0.25.gemspec
I, [2014-03-31T20:57:09.970348 #56573]  INFO -- : 0:  i18n (0.6.9) from /Users/wan/.rvm/gems/ruby-2.1.1@dev/specifications/i18n-0.6.9.gemspec
I, [2014-03-31T20:57:09.970719 #56573]  INFO -- : 0:  multi_json (1.9.2) from /Users/wan/.rvm/gems/ruby-2.1.1@dev/specifications/multi_json-1.9.2.gemspec
I, [2014-03-31T20:57:09.971025 #56573]  INFO -- : 0:  activesupport (3.2.17) from /Users/wan/.rvm/gems/ruby-2.1.1@dev/specifications/activesupport-3.2.17.gemspec
I, [2014-03-31T20:57:09.971322 #56573]  INFO -- : 0:  builder (3.2.2) from /Users/wan/.rvm/gems/ruby-2.1.1@dev/specifications/builder-3.2.2.gemspec
I, [2014-03-31T20:57:09.971618 #56573]  INFO -- : 0:  chunky_png (1.3.0) from /Users/wan/.rvm/gems/ruby-2.1.1@dev/specifications/chunky_png-1.3.0.gemspec
I, [2014-03-31T20:57:09.971914 #56573]  INFO -- : 0:  coffee-script-source (1.7.0) from /Users/wan/.rvm/gems/ruby-2.1.1@dev/specifications/coffee-script-source-1.7.0.gemspec
I, [2014-03-31T20:57:09.972206 #56573]  INFO -- : 0:  execjs (1.4.0) from /Users/wan/.rvm/gems/ruby-2.1.1@dev/specifications/execjs-1.4.0.gemspec
I, [2014-03-31T20:57:09.972499 #56573]  INFO -- : 0:  coffee-script (2.2.0) from /Users/wan/.rvm/gems/ruby-2.1.1@dev/specifications/coffee-script-2.2.0.gemspec
I, [2014-03-31T20:57:09.972797 #56573]  INFO -- : 0:  colorize (0.7.0) from /Users/wan/.rvm/gems/ruby-2.1.1@dev/specifications/colorize-0.7.0.gemspec
I, [2014-03-31T20:57:09.973088 #56573]  INFO -- : 0:  fssm (0.2.10) from /Users/wan/.rvm/gems/ruby-2.1.1@dev/specifications/fssm-0.2.10.gemspec
I, [2014-03-31T20:57:09.973403 #56573]  INFO -- : 0:  sass (3.2.18) from /Users/wan/.rvm/gems/ruby-2.1.1@dev/specifications/sass-3.2.18.gemspec
I, [2014-03-31T20:57:09.973713 #56573]  INFO -- : 0:  compass (0.12.4) from /Users/wan/.rvm/gems/ruby-2.1.1@dev/specifications/compass-0.12.4.gemspec
I, [2014-03-31T20:57:09.974008 #56573]  INFO -- : 0:  eventmachine (1.0.3) from /Users/wan/.rvm/gems/ruby-2.1.1@dev/specifications/eventmachine-1.0.3.gemspec
I, [2014-03-31T20:57:09.974291 #56573]  INFO -- : 0:  http_parser.rb (0.5.3) from /Users/wan/.rvm/gems/ruby-2.1.1@dev/specifications/http_parser.rb-0.5.3.gemspec
I, [2014-03-31T20:57:09.975026 #56573]  INFO -- : 0:  em-websocket (0.5.0) from /Users/wan/.rvm/gems/ruby-2.1.1@dev/specifications/em-websocket-0.5.0.gemspec
I, [2014-03-31T20:57:09.975320 #56573]  INFO -- : 0:  excon (0.32.1) from /Users/wan/.rvm/gems/ruby-2.1.1@dev/specifications/excon-0.32.1.gemspec
I, [2014-03-31T20:57:09.975607 #56573]  INFO -- : 0:  ffi (1.9.3) from /Users/wan/.rvm/gems/ruby-2.1.1@dev/specifications/ffi-1.9.3.gemspec
I, [2014-03-31T20:57:09.977685 #56573]  INFO -- : 0:  formatador (0.2.4) from /Users/wan/.rvm/gems/ruby-2.1.1@dev/specifications/formatador-0.2.4.gemspec
I, [2014-03-31T20:57:09.977989 #56573]  INFO -- : 0:  mime-types (2.2) from /Users/wan/.rvm/gems/ruby-2.1.1@dev/specifications/mime-types-2.2.gemspec
I, [2014-03-31T20:57:09.978289 #56573]  INFO -- : 0:  net-ssh (2.8.0) from /Users/wan/.rvm/gems/ruby-2.1.1@dev/specifications/net-ssh-2.8.0.gemspec
I, [2014-03-31T20:57:09.978582 #56573]  INFO -- : 0:  net-scp (1.1.2) from /Users/wan/.rvm/gems/ruby-2.1.1@dev/specifications/net-scp-1.1.2.gemspec
I, [2014-03-31T20:57:09.978880 #56573]  INFO -- : 0:  fog-core (1.21.1) from /Users/wan/.rvm/gems/ruby-2.1.1@dev/specifications/fog-core-1.21.1.gemspec
I, [2014-03-31T20:57:09.979176 #56573]  INFO -- : 0:  fog-json (1.0.0) from /Users/wan/.rvm/gems/ruby-2.1.1@dev/specifications/fog-json-1.0.0.gemspec
I, [2014-03-31T20:57:09.979493 #56573]  INFO -- : 0:  fog-brightbox (0.0.1) from /Users/wan/.rvm/gems/ruby-2.1.1@dev/specifications/fog-brightbox-0.0.1.gemspec
I, [2014-03-31T20:57:09.979791 #56573]  INFO -- : 0:  mini_portile (0.5.3) from /Users/wan/.rvm/gems/ruby-2.1.1@dev/specifications/mini_portile-0.5.3.gemspec
I, [2014-03-31T20:59:08.296183 #56573]  INFO -- : 0:  nokogiri (1.6.1) from /Users/wan/.rvm/gems/ruby-2.1.1@dev/specifications/nokogiri-1.6.1.gemspec
I, [2014-03-31T20:59:08.296752 #56573]  INFO -- : 0:  fog (1.21.0) from /Users/wan/.rvm/gems/ruby-2.1.1@dev/specifications/fog-1.21.0.gemspec
I, [2014-03-31T20:59:08.297120 #56573]  INFO -- : 0:  tilt (1.4.1) from /Users/wan/.rvm/gems/ruby-2.1.1@dev/specifications/tilt-1.4.1.gemspec
I, [2014-03-31T20:59:08.297485 #56573]  INFO -- : 0:  haml (4.0.5) from /Users/wan/.rvm/gems/ruby-2.1.1@dev/specifications/haml-4.0.5.gemspec
I, [2014-03-31T20:59:08.297849 #56573]  INFO -- : 0:  hike (1.2.3) from /Users/wan/.rvm/gems/ruby-2.1.1@dev/specifications/hike-1.2.3.gemspec
I, [2014-03-31T20:59:08.298197 #56573]  INFO -- : 0:  json (1.8.1) from /Users/wan/.rvm/rubies/ruby-2.1.1/lib/ruby/gems/2.1.0/specifications/default/json-1.8.1.gemspec
I, [2014-03-31T20:59:08.298581 #56573]  INFO -- : 0:  kramdown (1.3.3) from /Users/wan/.rvm/gems/ruby-2.1.1@dev/specifications/kramdown-1.3.3.gemspec
I, [2014-03-31T20:59:08.298971 #56573]  INFO -- : 0:  rb-fsevent (0.9.4) from /Users/wan/.rvm/gems/ruby-2.1.1@dev/specifications/rb-fsevent-0.9.4.gemspec
I, [2014-03-31T20:59:08.299352 #56573]  INFO -- : 0:  rb-inotify (0.9.3) from /Users/wan/.rvm/gems/ruby-2.1.1@dev/specifications/rb-inotify-0.9.3.gemspec
I, [2014-03-31T20:59:08.299707 #56573]  INFO -- : 0:  rb-kqueue (0.2.2) from /Users/wan/.rvm/gems/ruby-2.1.1@dev/specifications/rb-kqueue-0.2.2.gemspec
I, [2014-03-31T20:59:08.300081 #56573]  INFO -- : 0:  listen (1.3.1) from /Users/wan/.rvm/gems/ruby-2.1.1@dev/specifications/listen-1.3.1.gemspec
I, [2014-03-31T20:59:08.300444 #56573]  INFO -- : 0:  map (6.5.3) from /Users/wan/.rvm/gems/ruby-2.1.1@dev/specifications/map-6.5.3.gemspec
I, [2014-03-31T20:59:08.300799 #56573]  INFO -- : 0:  bundler (1.5.1) from /Users/wan/.rvm/gems/ruby-2.1.1@global/specifications/bundler-1.5.1.gemspec
I, [2014-03-31T20:59:08.301148 #56573]  INFO -- : 0:  rack (1.5.2) from /Users/wan/.rvm/gems/ruby-2.1.1@dev/specifications/rack-1.5.2.gemspec
I, [2014-03-31T20:59:08.301520 #56573]  INFO -- : 0:  rack-test (0.6.2) from /Users/wan/.rvm/gems/ruby-2.1.1@dev/specifications/rack-test-0.6.2.gemspec
I, [2014-03-31T20:59:08.301871 #56573]  INFO -- : 0:  thor (0.19.1) from /Users/wan/.rvm/gems/ruby-2.1.1@dev/specifications/thor-0.19.1.gemspec
I, [2014-03-31T20:59:08.302190 #56573]  INFO -- : 0:  middleman-core (3.2.2) from /Users/wan/.rvm/gems/ruby-2.1.1@dev/specifications/middleman-core-3.2.2.gemspec
I, [2014-03-31T20:59:08.302521 #56573]  INFO -- : 0:  sprockets (2.12.0) from /Users/wan/.rvm/gems/ruby-2.1.1@dev/specifications/sprockets-2.12.0.gemspec
I, [2014-03-31T20:59:08.302841 #56573]  INFO -- : 0:  sprockets-helpers (1.0.1) from /Users/wan/.rvm/gems/ruby-2.1.1@dev/specifications/sprockets-helpers-1.0.1.gemspec
I, [2014-03-31T20:59:08.303170 #56573]  INFO -- : 0:  sprockets-sass (1.0.3) from /Users/wan/.rvm/gems/ruby-2.1.1@dev/specifications/sprockets-sass-1.0.3.gemspec
I, [2014-03-31T20:59:08.303503 #56573]  INFO -- : 0:  middleman-sprockets (3.3.1) from /Users/wan/.rvm/gems/ruby-2.1.1@dev/specifications/middleman-sprockets-3.3.1.gemspec
I, [2014-03-31T20:59:08.303833 #56573]  INFO -- : 0:  uglifier (2.4.0) from /Users/wan/.rvm/gems/ruby-2.1.1@dev/specifications/uglifier-2.4.0.gemspec
I, [2014-03-31T20:59:08.304167 #56573]  INFO -- : 0:  middleman (3.2.2) from /Users/wan/.rvm/gems/ruby-2.1.1@dev/specifications/middleman-3.2.2.gemspec
I, [2014-03-31T20:59:08.304496 #56573]  INFO -- : 0:  rack-livereload (0.3.15) from /Users/wan/.rvm/gems/ruby-2.1.1@dev/specifications/rack-livereload-0.3.15.gemspec
I, [2014-03-31T20:59:08.304822 #56573]  INFO -- : 0:  middleman-livereload (3.1.1) from /Users/wan/.rvm/gems/ruby-2.1.1@dev/specifications/middleman-livereload-3.1.1.gemspec
I, [2014-03-31T20:59:08.305352 #56573]  INFO -- : 0:  pmap (1.0.1) from /Users/wan/.rvm/gems/ruby-2.1.1@dev/specifications/pmap-1.0.1.gemspec
I, [2014-03-31T20:59:08.305702 #56573]  INFO -- : 0:  ruby-progressbar (1.4.2) from /Users/wan/.rvm/gems/ruby-2.1.1@dev/specifications/ruby-progressbar-1.4.2.gemspec
I, [2014-03-31T20:59:08.306030 #56573]  INFO -- : 0:  unf_ext (0.0.6) from /Users/wan/.rvm/gems/ruby-2.1.1@dev/specifications/unf_ext-0.0.6.gemspec
I, [2014-03-31T20:59:08.306357 #56573]  INFO -- : 0:  unf (0.1.3) from /Users/wan/.rvm/gems/ruby-2.1.1@dev/specifications/unf-0.1.3.gemspec
I, [2014-03-31T20:59:08.306690 #56573]  INFO -- : 0:  middleman-s3_sync (3.0.25) from /Users/wan/.rvm/gems/ruby-2.1.1@dev/specifications/middleman-s3_sync-3.0.25.gemspec
I, [2014-03-31T20:59:47.877918 #71846]  INFO -- : 0:  i18n (0.6.9) from /Users/wan/.rvm/gems/ruby-2.1.1@dev/specifications/i18n-0.6.9.gemspec
I, [2014-03-31T20:59:47.878343 #71846]  INFO -- : 0:  multi_json (1.9.2) from /Users/wan/.rvm/gems/ruby-2.1.1@dev/specifications/multi_json-1.9.2.gemspec
I, [2014-03-31T20:59:47.878693 #71846]  INFO -- : 0:  activesupport (3.2.17) from /Users/wan/.rvm/gems/ruby-2.1.1@dev/specifications/activesupport-3.2.17.gemspec
I, [2014-03-31T20:59:47.879050 #71846]  INFO -- : 0:  builder (3.2.2) from /Users/wan/.rvm/gems/ruby-2.1.1@dev/specifications/builder-3.2.2.gemspec
I, [2014-03-31T20:59:47.879440 #71846]  INFO -- : 0:  bundler (1.5.1) from /Users/wan/.rvm/gems/ruby-2.1.1@global/specifications/bundler-1.5.1.gemspec
I, [2014-03-31T20:59:47.879766 #71846]  INFO -- : 0:  chunky_png (1.3.0) from /Users/wan/.rvm/gems/ruby-2.1.1@dev/specifications/chunky_png-1.3.0.gemspec
I, [2014-03-31T20:59:47.880085 #71846]  INFO -- : 0:  coffee-script-source (1.7.0) from /Users/wan/.rvm/gems/ruby-2.1.1@dev/specifications/coffee-script-source-1.7.0.gemspec
I, [2014-03-31T20:59:47.880410 #71846]  INFO -- : 0:  execjs (1.4.0) from /Users/wan/.rvm/gems/ruby-2.1.1@dev/specifications/execjs-1.4.0.gemspec
I, [2014-03-31T20:59:47.880733 #71846]  INFO -- : 0:  coffee-script (2.2.0) from /Users/wan/.rvm/gems/ruby-2.1.1@dev/specifications/coffee-script-2.2.0.gemspec
I, [2014-03-31T20:59:47.881058 #71846]  INFO -- : 0:  colorize (0.7.0) from /Users/wan/.rvm/gems/ruby-2.1.1@dev/specifications/colorize-0.7.0.gemspec
I, [2014-03-31T20:59:47.881385 #71846]  INFO -- : 0:  fssm (0.2.10) from /Users/wan/.rvm/gems/ruby-2.1.1@dev/specifications/fssm-0.2.10.gemspec
I, [2014-03-31T20:59:47.881732 #71846]  INFO -- : 0:  sass (3.2.18) from /Users/wan/.rvm/gems/ruby-2.1.1@dev/specifications/sass-3.2.18.gemspec
I, [2014-03-31T20:59:47.882147 #71846]  INFO -- : 0:  compass (0.12.4) from /Users/wan/.rvm/gems/ruby-2.1.1@dev/specifications/compass-0.12.4.gemspec
I, [2014-03-31T20:59:47.882534 #71846]  INFO -- : 0:  eventmachine (1.0.3) from /Users/wan/.rvm/gems/ruby-2.1.1@dev/specifications/eventmachine-1.0.3.gemspec
I, [2014-03-31T20:59:47.882962 #71846]  INFO -- : 0:  http_parser.rb (0.5.3) from /Users/wan/.rvm/gems/ruby-2.1.1@dev/specifications/http_parser.rb-0.5.3.gemspec
I, [2014-03-31T20:59:47.883298 #71846]  INFO -- : 0:  em-websocket (0.5.0) from /Users/wan/.rvm/gems/ruby-2.1.1@dev/specifications/em-websocket-0.5.0.gemspec
I, [2014-03-31T20:59:47.883623 #71846]  INFO -- : 0:  excon (0.32.1) from /Users/wan/.rvm/gems/ruby-2.1.1@dev/specifications/excon-0.32.1.gemspec
I, [2014-03-31T20:59:47.883953 #71846]  INFO -- : 0:  ffi (1.9.3) from /Users/wan/.rvm/gems/ruby-2.1.1@dev/specifications/ffi-1.9.3.gemspec
I, [2014-03-31T20:59:47.884329 #71846]  INFO -- : 0:  formatador (0.2.4) from /Users/wan/.rvm/gems/ruby-2.1.1@dev/specifications/formatador-0.2.4.gemspec
I, [2014-03-31T20:59:47.884681 #71846]  INFO -- : 0:  mime-types (2.2) from /Users/wan/.rvm/gems/ruby-2.1.1@dev/specifications/mime-types-2.2.gemspec
I, [2014-03-31T20:59:47.885016 #71846]  INFO -- : 0:  net-ssh (2.8.0) from /Users/wan/.rvm/gems/ruby-2.1.1@dev/specifications/net-ssh-2.8.0.gemspec
I, [2014-03-31T20:59:47.885613 #71846]  INFO -- : 0:  net-scp (1.1.2) from /Users/wan/.rvm/gems/ruby-2.1.1@dev/specifications/net-scp-1.1.2.gemspec
I, [2014-03-31T20:59:47.885936 #71846]  INFO -- : 0:  fog-core (1.21.1) from /Users/wan/.rvm/gems/ruby-2.1.1@dev/specifications/fog-core-1.21.1.gemspec
I, [2014-03-31T20:59:47.886262 #71846]  INFO -- : 0:  fog-json (1.0.0) from /Users/wan/.rvm/gems/ruby-2.1.1@dev/specifications/fog-json-1.0.0.gemspec
I, [2014-03-31T20:59:47.886593 #71846]  INFO -- : 0:  fog-brightbox (0.0.1) from /Users/wan/.rvm/gems/ruby-2.1.1@dev/specifications/fog-brightbox-0.0.1.gemspec
I, [2014-03-31T20:59:47.886960 #71846]  INFO -- : 0:  mini_portile (0.5.3) from /Users/wan/.rvm/gems/ruby-2.1.1@dev/specifications/mini_portile-0.5.3.gemspec
I, [2014-03-31T20:59:47.887273 #71846]  INFO -- : 0:  nokogiri (1.6.1) from /Users/wan/.rvm/gems/ruby-2.1.1@dev/specifications/nokogiri-1.6.1.gemspec
I, [2014-03-31T20:59:47.887589 #71846]  INFO -- : 0:  fog (1.21.0) from /Users/wan/.rvm/gems/ruby-2.1.1@dev/specifications/fog-1.21.0.gemspec
I, [2014-03-31T20:59:47.887923 #71846]  INFO -- : 0:  tilt (1.4.1) from /Users/wan/.rvm/gems/ruby-2.1.1@dev/specifications/tilt-1.4.1.gemspec
I, [2014-03-31T20:59:47.888274 #71846]  INFO -- : 0:  haml (4.0.5) from /Users/wan/.rvm/gems/ruby-2.1.1@dev/specifications/haml-4.0.5.gemspec
I, [2014-03-31T20:59:47.888614 #71846]  INFO -- : 0:  hike (1.2.3) from /Users/wan/.rvm/gems/ruby-2.1.1@dev/specifications/hike-1.2.3.gemspec
I, [2014-03-31T20:59:47.888943 #71846]  INFO -- : 0:  json (1.8.1) from /Users/wan/.rvm/rubies/ruby-2.1.1/lib/ruby/gems/2.1.0/specifications/default/json-1.8.1.gemspec
I, [2014-03-31T20:59:47.889264 #71846]  INFO -- : 0:  kramdown (1.3.3) from /Users/wan/.rvm/gems/ruby-2.1.1@dev/specifications/kramdown-1.3.3.gemspec
I, [2014-03-31T20:59:47.889590 #71846]  INFO -- : 0:  rb-fsevent (0.9.4) from /Users/wan/.rvm/gems/ruby-2.1.1@dev/specifications/rb-fsevent-0.9.4.gemspec
I, [2014-03-31T20:59:47.889924 #71846]  INFO -- : 0:  rb-inotify (0.9.3) from /Users/wan/.rvm/gems/ruby-2.1.1@dev/specifications/rb-inotify-0.9.3.gemspec
I, [2014-03-31T20:59:47.890267 #71846]  INFO -- : 0:  rb-kqueue (0.2.2) from /Users/wan/.rvm/gems/ruby-2.1.1@dev/specifications/rb-kqueue-0.2.2.gemspec
I, [2014-03-31T20:59:47.890591 #71846]  INFO -- : 0:  listen (1.3.1) from /Users/wan/.rvm/gems/ruby-2.1.1@dev/specifications/listen-1.3.1.gemspec
I, [2014-03-31T20:59:47.890981 #71846]  INFO -- : 0:  map (6.5.3) from /Users/wan/.rvm/gems/ruby-2.1.1@dev/specifications/map-6.5.3.gemspec
I, [2014-03-31T20:59:47.891308 #71846]  INFO -- : 0:  rack (1.5.2) from /Users/wan/.rvm/gems/ruby-2.1.1@dev/specifications/rack-1.5.2.gemspec
I, [2014-03-31T20:59:47.891642 #71846]  INFO -- : 0:  rack-test (0.6.2) from /Users/wan/.rvm/gems/ruby-2.1.1@dev/specifications/rack-test-0.6.2.gemspec
I, [2014-03-31T20:59:47.891994 #71846]  INFO -- : 0:  thor (0.19.1) from /Users/wan/.rvm/gems/ruby-2.1.1@dev/specifications/thor-0.19.1.gemspec
I, [2014-03-31T20:59:47.892315 #71846]  INFO -- : 0:  middleman-core (3.2.2) from /Users/wan/.rvm/gems/ruby-2.1.1@dev/specifications/middleman-core-3.2.2.gemspec
I, [2014-03-31T20:59:47.892659 #71846]  INFO -- : 0:  sprockets (2.12.0) from /Users/wan/.rvm/gems/ruby-2.1.1@dev/specifications/sprockets-2.12.0.gemspec
I, [2014-03-31T20:59:47.893031 #71846]  INFO -- : 0:  sprockets-helpers (1.0.1) from /Users/wan/.rvm/gems/ruby-2.1.1@dev/specifications/sprockets-helpers-1.0.1.gemspec
I, [2014-03-31T20:59:47.893371 #71846]  INFO -- : 0:  sprockets-sass (1.0.3) from /Users/wan/.rvm/gems/ruby-2.1.1@dev/specifications/sprockets-sass-1.0.3.gemspec
I, [2014-03-31T20:59:47.893715 #71846]  INFO -- : 0:  middleman-sprockets (3.3.1) from /Users/wan/.rvm/gems/ruby-2.1.1@dev/specifications/middleman-sprockets-3.3.1.gemspec
I, [2014-03-31T20:59:47.894033 #71846]  INFO -- : 0:  uglifier (2.4.0) from /Users/wan/.rvm/gems/ruby-2.1.1@dev/specifications/uglifier-2.4.0.gemspec
I, [2014-03-31T20:59:47.894398 #71846]  INFO -- : 0:  middleman (3.2.2) from /Users/wan/.rvm/gems/ruby-2.1.1@dev/specifications/middleman-3.2.2.gemspec
I, [2014-03-31T20:59:47.894735 #71846]  INFO -- : 0:  rack-livereload (0.3.15) from /Users/wan/.rvm/gems/ruby-2.1.1@dev/specifications/rack-livereload-0.3.15.gemspec
I, [2014-03-31T20:59:47.895050 #71846]  INFO -- : 0:  middleman-livereload (3.1.1) from /Users/wan/.rvm/gems/ruby-2.1.1@dev/specifications/middleman-livereload-3.1.1.gemspec
I, [2014-03-31T20:59:47.895370 #71846]  INFO -- : 0:  pmap (1.0.1) from /Users/wan/.rvm/gems/ruby-2.1.1@dev/specifications/pmap-1.0.1.gemspec
I, [2014-03-31T20:59:47.895682 #71846]  INFO -- : 0:  ruby-progressbar (1.4.2) from /Users/wan/.rvm/gems/ruby-2.1.1@dev/specifications/ruby-progressbar-1.4.2.gemspec
I, [2014-03-31T20:59:47.896040 #71846]  INFO -- : 0:  unf_ext (0.0.6) from /Users/wan/.rvm/gems/ruby-2.1.1@dev/specifications/unf_ext-0.0.6.gemspec
I, [2014-03-31T20:59:47.896388 #71846]  INFO -- : 0:  unf (0.1.3) from /Users/wan/.rvm/gems/ruby-2.1.1@dev/specifications/unf-0.1.3.gemspec
I, [2014-03-31T20:59:47.896727 #71846]  INFO -- : 0:  middleman-s3_sync (3.0.25) from /Users/wan/.rvm/gems/ruby-2.1.1@dev/specifications/middleman-s3_sync-3.0.25.gemspec
I, [2014-03-31T21:02:08.199139 #72088]  INFO -- : 0:  i18n (0.6.9) from /Users/wan/.rvm/gems/ruby-2.1.1@dev/specifications/i18n-0.6.9.gemspec
I, [2014-03-31T21:02:08.199532 #72088]  INFO -- : 0:  multi_json (1.9.2) from /Users/wan/.rvm/gems/ruby-2.1.1@dev/specifications/multi_json-1.9.2.gemspec
I, [2014-03-31T21:02:08.199843 #72088]  INFO -- : 0:  activesupport (3.2.17) from /Users/wan/.rvm/gems/ruby-2.1.1@dev/specifications/activesupport-3.2.17.gemspec
I, [2014-03-31T21:02:08.200138 #72088]  INFO -- : 0:  builder (3.2.2) from /Users/wan/.rvm/gems/ruby-2.1.1@dev/specifications/builder-3.2.2.gemspec
I, [2014-03-31T21:02:08.200419 #72088]  INFO -- : 0:  chunky_png (1.3.0) from /Users/wan/.rvm/gems/ruby-2.1.1@dev/specifications/chunky_png-1.3.0.gemspec
I, [2014-03-31T21:02:08.200715 #72088]  INFO -- : 0:  coffee-script-source (1.7.0) from /Users/wan/.rvm/gems/ruby-2.1.1@dev/specifications/coffee-script-source-1.7.0.gemspec
I, [2014-03-31T21:02:08.201007 #72088]  INFO -- : 0:  execjs (1.4.0) from /Users/wan/.rvm/gems/ruby-2.1.1@dev/specifications/execjs-1.4.0.gemspec
I, [2014-03-31T21:02:08.201298 #72088]  INFO -- : 0:  coffee-script (2.2.0) from /Users/wan/.rvm/gems/ruby-2.1.1@dev/specifications/coffee-script-2.2.0.gemspec
I, [2014-03-31T21:02:08.201595 #72088]  INFO -- : 0:  colorize (0.7.0) from /Users/wan/.rvm/gems/ruby-2.1.1@dev/specifications/colorize-0.7.0.gemspec
I, [2014-03-31T21:02:08.202277 #72088]  INFO -- : 0:  fssm (0.2.10) from /Users/wan/.rvm/gems/ruby-2.1.1@dev/specifications/fssm-0.2.10.gemspec
I, [2014-03-31T21:02:08.202585 #72088]  INFO -- : 0:  sass (3.2.18) from /Users/wan/.rvm/gems/ruby-2.1.1@dev/specifications/sass-3.2.18.gemspec
I, [2014-03-31T21:02:08.203914 #72088]  INFO -- : 0:  compass (0.12.4) from /Users/wan/.rvm/gems/ruby-2.1.1@dev/specifications/compass-0.12.4.gemspec
I, [2014-03-31T21:02:08.204210 #72088]  INFO -- : 0:  eventmachine (1.0.3) from /Users/wan/.rvm/gems/ruby-2.1.1@dev/specifications/eventmachine-1.0.3.gemspec
I, [2014-03-31T21:02:08.204511 #72088]  INFO -- : 0:  http_parser.rb (0.5.3) from /Users/wan/.rvm/gems/ruby-2.1.1@dev/specifications/http_parser.rb-0.5.3.gemspec
I, [2014-03-31T21:02:08.204805 #72088]  INFO -- : 0:  em-websocket (0.5.0) from /Users/wan/.rvm/gems/ruby-2.1.1@dev/specifications/em-websocket-0.5.0.gemspec
I, [2014-03-31T21:02:08.205109 #72088]  INFO -- : 0:  excon (0.32.1) from /Users/wan/.rvm/gems/ruby-2.1.1@dev/specifications/excon-0.32.1.gemspec
I, [2014-03-31T21:02:08.205400 #72088]  INFO -- : 0:  ffi (1.9.3) from /Users/wan/.rvm/gems/ruby-2.1.1@dev/specifications/ffi-1.9.3.gemspec
I, [2014-03-31T21:02:08.205688 #72088]  INFO -- : 0:  formatador (0.2.4) from /Users/wan/.rvm/gems/ruby-2.1.1@dev/specifications/formatador-0.2.4.gemspec
I, [2014-03-31T21:02:08.205989 #72088]  INFO -- : 0:  mime-types (2.2) from /Users/wan/.rvm/gems/ruby-2.1.1@dev/specifications/mime-types-2.2.gemspec
I, [2014-03-31T21:02:08.206293 #72088]  INFO -- : 0:  net-ssh (2.8.0) from /Users/wan/.rvm/gems/ruby-2.1.1@dev/specifications/net-ssh-2.8.0.gemspec
I, [2014-03-31T21:02:08.206899 #72088]  INFO -- : 0:  net-scp (1.1.2) from /Users/wan/.rvm/gems/ruby-2.1.1@dev/specifications/net-scp-1.1.2.gemspec
I, [2014-03-31T21:02:08.207193 #72088]  INFO -- : 0:  fog-core (1.21.1) from /Users/wan/.rvm/gems/ruby-2.1.1@dev/specifications/fog-core-1.21.1.gemspec
I, [2014-03-31T21:02:08.207490 #72088]  INFO -- : 0:  fog-json (1.0.0) from /Users/wan/.rvm/gems/ruby-2.1.1@dev/specifications/fog-json-1.0.0.gemspec
I, [2014-03-31T21:02:08.207794 #72088]  INFO -- : 0:  fog-brightbox (0.0.1) from /Users/wan/.rvm/gems/ruby-2.1.1@dev/specifications/fog-brightbox-0.0.1.gemspec
I, [2014-03-31T21:02:08.208095 #72088]  INFO -- : 0:  mini_portile (0.5.3) from /Users/wan/.rvm/gems/ruby-2.1.1@dev/specifications/mini_portile-0.5.3.gemspec
E, [2014-03-31T21:02:20.590888 #72088] ERROR -- : SystemExit: exit
/Users/wan/.rvm/gems/ruby-2.1.1@global/gems/bundler-1.5.1/bin/bundle:4:in `exit'  \n/Users/wan/.rvm/gems/ruby-2.1.1@global/gems/bundler-1.5.1/bin/bundle:4:in `block in <top (required)>'  \n/Users/wan/.rvm/rubies/ruby-2.1.1/lib/ruby/2.1.0/rubygems/ext/builder.rb:73:in `call'  \n/Users/wan/.rvm/rubies/ruby-2.1.1/lib/ruby/2.1.0/rubygems/ext/builder.rb:73:in ``'  \n/Users/wan/.rvm/rubies/ruby-2.1.1/lib/ruby/2.1.0/rubygems/ext/builder.rb:73:in `run'  \n/Users/wan/.rvm/rubies/ruby-2.1.1/lib/ruby/2.1.0/rubygems/ext/ext_conf_builder.rb:38:in `block in build'  \n/Users/wan/.rvm/rubies/ruby-2.1.1/lib/ruby/2.1.0/tempfile.rb:324:in `open'  \n/Users/wan/.rvm/rubies/ruby-2.1.1/lib/ruby/2.1.0/rubygems/ext/ext_conf_builder.rb:17:in `build'  \n/Users/wan/.rvm/rubies/ruby-2.1.1/lib/ruby/2.1.0/rubygems/ext/builder.rb:161:in `block (2 levels) in build_extension'  \n/Users/wan/.rvm/rubies/ruby-2.1.1/lib/ruby/2.1.0/rubygems/ext/builder.rb:160:in `chdir'  \n/Users/wan/.rvm/rubies/ruby-2.1.1/lib/ruby/2.1.0/rubygems/ext/builder.rb:160:in `block in build_extension'  \n/Users/wan/.rvm/rubies/ruby-2.1.1/lib/ruby/2.1.0/rubygems/ext/builder.rb:159:in `synchronize'  \n/Users/wan/.rvm/rubies/ruby-2.1.1/lib/ruby/2.1.0/rubygems/ext/builder.rb:159:in `build_extension'  \n/Users/wan/.rvm/rubies/ruby-2.1.1/lib/ruby/2.1.0/rubygems/ext/builder.rb:198:in `block in build_extensions'  \n/Users/wan/.rvm/rubies/ruby-2.1.1/lib/ruby/2.1.0/rubygems/ext/builder.rb:195:in `each'  \n/Users/wan/.rvm/rubies/ruby-2.1.1/lib/ruby/2.1.0/rubygems/ext/builder.rb:195:in `build_extensions'  \n/Users/wan/.rvm/rubies/ruby-2.1.1/lib/ruby/2.1.0/rubygems/installer.rb:677:in `build_extensions'  \n/Users/wan/.rvm/rubies/ruby-2.1.1/lib/ruby/2.1.0/rubygems/installer.rb:232:in `install'  \n/Users/wan/.rvm/gems/ruby-2.1.1@global/gems/bundler-1.5.1/lib/bundler/source/rubygems.rb:101:in `block in install'  \n/Users/wan/.rvm/gems/ruby-2.1.1@global/gems/bundler-1.5.1/lib/bundler/rubygems_integration.rb:118:in `preserve_paths'  \n/Users/wan/.rvm/gems/ruby-2.1.1@global/gems/bundler-1.5.1/lib/bundler/source/rubygems.rb:94:in `install'  \n/Users/wan/.rvm/gems/ruby-2.1.1@global/gems/bundler-1.5.1/lib/bundler/installer.rb:111:in `block in install_gem_from_spec'  \n/Users/wan/.rvm/gems/ruby-2.1.1@global/gems/bundler-1.5.1/lib/bundler/rubygems_integration.rb:150:in `with_build_args'  \n/Users/wan/.rvm/gems/ruby-2.1.1@global/gems/bundler-1.5.1/lib/bundler/installer.rb:110:in `install_gem_from_spec'  \n/Users/wan/.rvm/gems/ruby-2.1.1@global/gems/bundler-1.5.1/lib/bundler/installer.rb:295:in `block in install_sequentially'  \n/Users/wan/.rvm/rubies/ruby-2.1.1/lib/ruby/2.1.0/forwardable.rb:183:in `each'  \n/Users/wan/.rvm/rubies/ruby-2.1.1/lib/ruby/2.1.0/forwardable.rb:183:in `each'  \n/Users/wan/.rvm/gems/ruby-2.1.1@global/gems/bundler-1.5.1/lib/bundler/installer.rb:294:in `install_sequentially'  \n/Users/wan/.rvm/gems/ruby-2.1.1@global/gems/bundler-1.5.1/lib/bundler/installer.rb:97:in `run'  \n/Users/wan/.rvm/gems/ruby-2.1.1@global/gems/bundler-1.5.1/lib/bundler/installer.rb:15:in `install'  \n/Users/wan/.rvm/gems/ruby-2.1.1@global/gems/bundler-1.5.1/lib/bundler/cli.rb:257:in `install'  \n/Users/wan/.rvm/gems/ruby-2.1.1@global/gems/bundler-1.5.1/lib/bundler/vendor/thor/command.rb:27:in `run'  \n/Users/wan/.rvm/gems/ruby-2.1.1@global/gems/bundler-1.5.1/lib/bundler/vendor/thor/invocation.rb:120:in `invoke_command'  \n/Users/wan/.rvm/gems/ruby-2.1.1@global/gems/bundler-1.5.1/lib/bundler/vendor/thor.rb:363:in `dispatch'  \n/Users/wan/.rvm/gems/ruby-2.1.1@global/gems/bundler-1.5.1/lib/bundler/vendor/thor/base.rb:438:in `start'  \n/Users/wan/.rvm/gems/ruby-2.1.1@global/gems/bundler-1.5.1/lib/bundler/cli.rb:10:in `start'  \n/Users/wan/.rvm/gems/ruby-2.1.1@global/gems/bundler-1.5.1/bin/bundle:22:in `block in <top (required)>'  \n/Users/wan/.rvm/gems/ruby-2.1.1@global/gems/bundler-1.5.1/lib/bundler/friendly_errors.rb:5:in `with_friendly_errors'  \n/Users/wan/.rvm/gems/ruby-2.1.1@global/gems/bundler-1.5.1/bin/bundle:22:in `<top (required)>'  \n/Users/wan/.rvm/gems/ruby-2.1.1@global/bin/bundle:19:in `load'  \n/Users/wan/.rvm/gems/ruby-2.1.1@global/bin/bundle:19:in `<main>'
I, [2014-03-31T21:02:36.574341 #72763]  INFO -- : 0:  i18n (0.6.9) from /Users/wan/.rvm/gems/ruby-2.1.1@dev/specifications/i18n-0.6.9.gemspec
I, [2014-03-31T21:02:36.574759 #72763]  INFO -- : 0:  multi_json (1.9.2) from /Users/wan/.rvm/gems/ruby-2.1.1@dev/specifications/multi_json-1.9.2.gemspec
I, [2014-03-31T21:02:36.575079 #72763]  INFO -- : 0:  activesupport (3.2.17) from /Users/wan/.rvm/gems/ruby-2.1.1@dev/specifications/activesupport-3.2.17.gemspec
I, [2014-03-31T21:02:36.575370 #72763]  INFO -- : 0:  builder (3.2.2) from /Users/wan/.rvm/gems/ruby-2.1.1@dev/specifications/builder-3.2.2.gemspec
I, [2014-03-31T21:02:36.575663 #72763]  INFO -- : 0:  bundler (1.5.1) from /Users/wan/.rvm/gems/ruby-2.1.1@global/specifications/bundler-1.5.1.gemspec
I, [2014-03-31T21:02:36.575957 #72763]  INFO -- : 0:  chunky_png (1.3.0) from /Users/wan/.rvm/gems/ruby-2.1.1@dev/specifications/chunky_png-1.3.0.gemspec
I, [2014-03-31T21:02:36.576255 #72763]  INFO -- : 0:  coffee-script-source (1.7.0) from /Users/wan/.rvm/gems/ruby-2.1.1@dev/specifications/coffee-script-source-1.7.0.gemspec
I, [2014-03-31T21:02:36.576549 #72763]  INFO -- : 0:  execjs (1.4.0) from /Users/wan/.rvm/gems/ruby-2.1.1@dev/specifications/execjs-1.4.0.gemspec
I, [2014-03-31T21:02:36.577373 #72763]  INFO -- : 0:  coffee-script (2.2.0) from /Users/wan/.rvm/gems/ruby-2.1.1@dev/specifications/coffee-script-2.2.0.gemspec
I, [2014-03-31T21:02:36.577673 #72763]  INFO -- : 0:  colorize (0.7.0) from /Users/wan/.rvm/gems/ruby-2.1.1@dev/specifications/colorize-0.7.0.gemspec
I, [2014-03-31T21:02:36.578182 #72763]  INFO -- : 0:  fssm (0.2.10) from /Users/wan/.rvm/gems/ruby-2.1.1@dev/specifications/fssm-0.2.10.gemspec
I, [2014-03-31T21:02:36.578501 #72763]  INFO -- : 0:  sass (3.2.18) from /Users/wan/.rvm/gems/ruby-2.1.1@dev/specifications/sass-3.2.18.gemspec
I, [2014-03-31T21:02:36.578821 #72763]  INFO -- : 0:  compass (0.12.4) from /Users/wan/.rvm/gems/ruby-2.1.1@dev/specifications/compass-0.12.4.gemspec
I, [2014-03-31T21:02:36.579170 #72763]  INFO -- : 0:  eventmachine (1.0.3) from /Users/wan/.rvm/gems/ruby-2.1.1@dev/specifications/eventmachine-1.0.3.gemspec
I, [2014-03-31T21:02:36.579462 #72763]  INFO -- : 0:  http_parser.rb (0.5.3) from /Users/wan/.rvm/gems/ruby-2.1.1@dev/specifications/http_parser.rb-0.5.3.gemspec
I, [2014-03-31T21:02:36.579771 #72763]  INFO -- : 0:  em-websocket (0.5.0) from /Users/wan/.rvm/gems/ruby-2.1.1@dev/specifications/em-websocket-0.5.0.gemspec
I, [2014-03-31T21:02:36.580065 #72763]  INFO -- : 0:  excon (0.32.1) from /Users/wan/.rvm/gems/ruby-2.1.1@dev/specifications/excon-0.32.1.gemspec
I, [2014-03-31T21:02:36.580384 #72763]  INFO -- : 0:  ffi (1.9.3) from /Users/wan/.rvm/gems/ruby-2.1.1@dev/specifications/ffi-1.9.3.gemspec
I, [2014-03-31T21:02:36.580691 #72763]  INFO -- : 0:  formatador (0.2.4) from /Users/wan/.rvm/gems/ruby-2.1.1@dev/specifications/formatador-0.2.4.gemspec
I, [2014-03-31T21:02:36.580995 #72763]  INFO -- : 0:  mime-types (2.2) from /Users/wan/.rvm/gems/ruby-2.1.1@dev/specifications/mime-types-2.2.gemspec
I, [2014-03-31T21:02:36.581290 #72763]  INFO -- : 0:  net-ssh (2.8.0) from /Users/wan/.rvm/gems/ruby-2.1.1@dev/specifications/net-ssh-2.8.0.gemspec
I, [2014-03-31T21:02:36.581876 #72763]  INFO -- : 0:  net-scp (1.1.2) from /Users/wan/.rvm/gems/ruby-2.1.1@dev/specifications/net-scp-1.1.2.gemspec
I, [2014-03-31T21:02:36.582183 #72763]  INFO -- : 0:  fog-core (1.21.1) from /Users/wan/.rvm/gems/ruby-2.1.1@dev/specifications/fog-core-1.21.1.gemspec
I, [2014-03-31T21:02:36.582473 #72763]  INFO -- : 0:  fog-json (1.0.0) from /Users/wan/.rvm/gems/ruby-2.1.1@dev/specifications/fog-json-1.0.0.gemspec
I, [2014-03-31T21:02:36.582789 #72763]  INFO -- : 0:  fog-brightbox (0.0.1) from /Users/wan/.rvm/gems/ruby-2.1.1@dev/specifications/fog-brightbox-0.0.1.gemspec
I, [2014-03-31T21:02:36.583093 #72763]  INFO -- : 0:  mini_portile (0.5.3) from /Users/wan/.rvm/gems/ruby-2.1.1@dev/specifications/mini_portile-0.5.3.gemspec
I, [2014-03-31T21:04:00.593480 #72763]  INFO -- : 0:  nokogiri (1.6.1) from /Users/wan/.rvm/gems/ruby-2.1.1@dev/specifications/nokogiri-1.6.1.gemspec
I, [2014-03-31T21:04:00.594031 #72763]  INFO -- : 0:  fog (1.21.0) from /Users/wan/.rvm/gems/ruby-2.1.1@dev/specifications/fog-1.21.0.gemspec
I, [2014-03-31T21:04:00.594392 #72763]  INFO -- : 0:  tilt (1.4.1) from /Users/wan/.rvm/gems/ruby-2.1.1@dev/specifications/tilt-1.4.1.gemspec
I, [2014-03-31T21:04:00.594748 #72763]  INFO -- : 0:  haml (4.0.5) from /Users/wan/.rvm/gems/ruby-2.1.1@dev/specifications/haml-4.0.5.gemspec
I, [2014-03-31T21:04:00.595099 #72763]  INFO -- : 0:  hike (1.2.3) from /Users/wan/.rvm/gems/ruby-2.1.1@dev/specifications/hike-1.2.3.gemspec
I, [2014-03-31T21:04:00.595424 #72763]  INFO -- : 0:  json (1.8.1) from /Users/wan/.rvm/rubies/ruby-2.1.1/lib/ruby/gems/2.1.0/specifications/default/json-1.8.1.gemspec
I, [2014-03-31T21:04:00.595773 #72763]  INFO -- : 0:  kramdown (1.3.3) from /Users/wan/.rvm/gems/ruby-2.1.1@dev/specifications/kramdown-1.3.3.gemspec
I, [2014-03-31T21:04:00.596125 #72763]  INFO -- : 0:  rb-fsevent (0.9.4) from /Users/wan/.rvm/gems/ruby-2.1.1@dev/specifications/rb-fsevent-0.9.4.gemspec
I, [2014-03-31T21:04:00.596469 #72763]  INFO -- : 0:  rb-inotify (0.9.3) from /Users/wan/.rvm/gems/ruby-2.1.1@dev/specifications/rb-inotify-0.9.3.gemspec
I, [2014-03-31T21:04:00.596822 #72763]  INFO -- : 0:  rb-kqueue (0.2.2) from /Users/wan/.rvm/gems/ruby-2.1.1@dev/specifications/rb-kqueue-0.2.2.gemspec
I, [2014-03-31T21:04:00.597165 #72763]  INFO -- : 0:  listen (1.3.1) from /Users/wan/.rvm/gems/ruby-2.1.1@dev/specifications/listen-1.3.1.gemspec
I, [2014-03-31T21:04:00.597503 #72763]  INFO -- : 0:  map (6.5.3) from /Users/wan/.rvm/gems/ruby-2.1.1@dev/specifications/map-6.5.3.gemspec
I, [2014-03-31T21:04:00.597831 #72763]  INFO -- : 0:  rack (1.5.2) from /Users/wan/.rvm/gems/ruby-2.1.1@dev/specifications/rack-1.5.2.gemspec
I, [2014-03-31T21:04:00.598173 #72763]  INFO -- : 0:  rack-test (0.6.2) from /Users/wan/.rvm/gems/ruby-2.1.1@dev/specifications/rack-test-0.6.2.gemspec
I, [2014-03-31T21:04:00.598513 #72763]  INFO -- : 0:  thor (0.19.1) from /Users/wan/.rvm/gems/ruby-2.1.1@dev/specifications/thor-0.19.1.gemspec
I, [2014-03-31T21:04:00.598854 #72763]  INFO -- : 0:  middleman-core (3.2.2) from /Users/wan/.rvm/gems/ruby-2.1.1@dev/specifications/middleman-core-3.2.2.gemspec
I, [2014-03-31T21:04:00.599210 #72763]  INFO -- : 0:  sprockets (2.12.0) from /Users/wan/.rvm/gems/ruby-2.1.1@dev/specifications/sprockets-2.12.0.gemspec
I, [2014-03-31T21:04:00.599561 #72763]  INFO -- : 0:  sprockets-helpers (1.0.1) from /Users/wan/.rvm/gems/ruby-2.1.1@dev/specifications/sprockets-helpers-1.0.1.gemspec
I, [2014-03-31T21:04:00.599907 #72763]  INFO -- : 0:  sprockets-sass (1.0.3) from /Users/wan/.rvm/gems/ruby-2.1.1@dev/specifications/sprockets-sass-1.0.3.gemspec
I, [2014-03-31T21:04:00.600254 #72763]  INFO -- : 0:  middleman-sprockets (3.3.1) from /Users/wan/.rvm/gems/ruby-2.1.1@dev/specifications/middleman-sprockets-3.3.1.gemspec
I, [2014-03-31T21:04:00.600594 #72763]  INFO -- : 0:  uglifier (2.4.0) from /Users/wan/.rvm/gems/ruby-2.1.1@dev/specifications/uglifier-2.4.0.gemspec
I, [2014-03-31T21:04:00.600929 #72763]  INFO -- : 0:  middleman (3.2.2) from /Users/wan/.rvm/gems/ruby-2.1.1@dev/specifications/middleman-3.2.2.gemspec
I, [2014-03-31T21:04:00.601440 #72763]  INFO -- : 0:  rack-livereload (0.3.15) from /Users/wan/.rvm/gems/ruby-2.1.1@dev/specifications/rack-livereload-0.3.15.gemspec
I, [2014-03-31T21:04:00.601784 #72763]  INFO -- : 0:  middleman-livereload (3.1.1) from /Users/wan/.rvm/gems/ruby-2.1.1@dev/specifications/middleman-livereload-3.1.1.gemspec
I, [2014-03-31T21:04:00.602120 #72763]  INFO -- : 0:  pmap (1.0.1) from /Users/wan/.rvm/gems/ruby-2.1.1@dev/specifications/pmap-1.0.1.gemspec
I, [2014-03-31T21:04:00.602469 #72763]  INFO -- : 0:  ruby-progressbar (1.4.2) from /Users/wan/.rvm/gems/ruby-2.1.1@dev/specifications/ruby-progressbar-1.4.2.gemspec
I, [2014-03-31T21:04:00.602922 #72763]  INFO -- : 0:  unf_ext (0.0.6) from /Users/wan/.rvm/gems/ruby-2.1.1@dev/specifications/unf_ext-0.0.6.gemspec
I, [2014-03-31T21:04:00.603297 #72763]  INFO -- : 0:  unf (0.1.3) from /Users/wan/.rvm/gems/ruby-2.1.1@dev/specifications/unf-0.1.3.gemspec
I, [2014-03-31T21:04:00.603690 #72763]  INFO -- : 0:  middleman-s3_sync (3.0.25) from /Users/wan/.rvm/gems/ruby-2.1.1@dev/specifications/middleman-s3_sync-3.0.25.gemspec
I, [2014-03-31T21:05:55.662831 #88125]  INFO -- : 0:  i18n (0.6.9) from /Users/wan/.rvm/gems/ruby-2.1.1@dev/specifications/i18n-0.6.9.gemspec
I, [2014-03-31T21:05:55.663246 #88125]  INFO -- : 0:  multi_json (1.9.2) from /Users/wan/.rvm/gems/ruby-2.1.1@dev/specifications/multi_json-1.9.2.gemspec
I, [2014-03-31T21:05:55.663545 #88125]  INFO -- : 0:  activesupport (3.2.17) from /Users/wan/.rvm/gems/ruby-2.1.1@dev/specifications/activesupport-3.2.17.gemspec
I, [2014-03-31T21:05:55.663851 #88125]  INFO -- : 0:  builder (3.2.2) from /Users/wan/.rvm/gems/ruby-2.1.1@dev/specifications/builder-3.2.2.gemspec
I, [2014-03-31T21:05:55.664153 #88125]  INFO -- : 0:  chunky_png (1.3.0) from /Users/wan/.rvm/gems/ruby-2.1.1@dev/specifications/chunky_png-1.3.0.gemspec
I, [2014-03-31T21:05:55.664461 #88125]  INFO -- : 0:  coffee-script-source (1.7.0) from /Users/wan/.rvm/gems/ruby-2.1.1@dev/specifications/coffee-script-source-1.7.0.gemspec
I, [2014-03-31T21:05:55.664762 #88125]  INFO -- : 0:  execjs (1.4.0) from /Users/wan/.rvm/gems/ruby-2.1.1@dev/specifications/execjs-1.4.0.gemspec
I, [2014-03-31T21:05:55.665062 #88125]  INFO -- : 0:  coffee-script (2.2.0) from /Users/wan/.rvm/gems/ruby-2.1.1@dev/specifications/coffee-script-2.2.0.gemspec
I, [2014-03-31T21:05:55.665365 #88125]  INFO -- : 0:  colorize (0.7.0) from /Users/wan/.rvm/gems/ruby-2.1.1@dev/specifications/colorize-0.7.0.gemspec
I, [2014-03-31T21:05:55.665664 #88125]  INFO -- : 0:  fssm (0.2.10) from /Users/wan/.rvm/gems/ruby-2.1.1@dev/specifications/fssm-0.2.10.gemspec
I, [2014-03-31T21:05:55.665986 #88125]  INFO -- : 0:  sass (3.2.18) from /Users/wan/.rvm/gems/ruby-2.1.1@dev/specifications/sass-3.2.18.gemspec
I, [2014-03-31T21:05:55.666309 #88125]  INFO -- : 0:  compass (0.12.4) from /Users/wan/.rvm/gems/ruby-2.1.1@dev/specifications/compass-0.12.4.gemspec
I, [2014-03-31T21:05:55.666613 #88125]  INFO -- : 0:  eventmachine (1.0.3) from /Users/wan/.rvm/gems/ruby-2.1.1@dev/specifications/eventmachine-1.0.3.gemspec
I, [2014-03-31T21:05:55.666915 #88125]  INFO -- : 0:  http_parser.rb (0.5.3) from /Users/wan/.rvm/gems/ruby-2.1.1@dev/specifications/http_parser.rb-0.5.3.gemspec
I, [2014-03-31T21:05:55.667205 #88125]  INFO -- : 0:  em-websocket (0.5.0) from /Users/wan/.rvm/gems/ruby-2.1.1@dev/specifications/em-websocket-0.5.0.gemspec
I, [2014-03-31T21:05:55.667943 #88125]  INFO -- : 0:  excon (0.32.1) from /Users/wan/.rvm/gems/ruby-2.1.1@dev/specifications/excon-0.32.1.gemspec
I, [2014-03-31T21:05:55.668229 #88125]  INFO -- : 0:  ffi (1.9.3) from /Users/wan/.rvm/gems/ruby-2.1.1@dev/specifications/ffi-1.9.3.gemspec
I, [2014-03-31T21:05:55.668518 #88125]  INFO -- : 0:  formatador (0.2.4) from /Users/wan/.rvm/gems/ruby-2.1.1@dev/specifications/formatador-0.2.4.gemspec
I, [2014-03-31T21:05:55.668814 #88125]  INFO -- : 0:  mime-types (2.2) from /Users/wan/.rvm/gems/ruby-2.1.1@dev/specifications/mime-types-2.2.gemspec
I, [2014-03-31T21:05:55.669561 #88125]  INFO -- : 0:  net-ssh (2.8.0) from /Users/wan/.rvm/gems/ruby-2.1.1@dev/specifications/net-ssh-2.8.0.gemspec
I, [2014-03-31T21:05:55.670220 #88125]  INFO -- : 0:  net-scp (1.1.2) from /Users/wan/.rvm/gems/ruby-2.1.1@dev/specifications/net-scp-1.1.2.gemspec
I, [2014-03-31T21:05:55.670518 #88125]  INFO -- : 0:  fog-core (1.21.1) from /Users/wan/.rvm/gems/ruby-2.1.1@dev/specifications/fog-core-1.21.1.gemspec
I, [2014-03-31T21:05:55.670813 #88125]  INFO -- : 0:  fog-json (1.0.0) from /Users/wan/.rvm/gems/ruby-2.1.1@dev/specifications/fog-json-1.0.0.gemspec
I, [2014-03-31T21:05:55.671105 #88125]  INFO -- : 0:  fog-brightbox (0.0.1) from /Users/wan/.rvm/gems/ruby-2.1.1@dev/specifications/fog-brightbox-0.0.1.gemspec
I, [2014-03-31T21:05:55.672705 #88125]  INFO -- : 0:  mini_portile (0.5.3) from /Users/wan/.rvm/gems/ruby-2.1.1@dev/specifications/mini_portile-0.5.3.gemspec
I, [2014-03-31T21:08:06.871336 #88125]  INFO -- : 0:  nokogiri (1.6.1) from /Users/wan/.rvm/gems/ruby-2.1.1@dev/specifications/nokogiri-1.6.1.gemspec
I, [2014-03-31T21:08:06.871901 #88125]  INFO -- : 0:  fog (1.21.0) from /Users/wan/.rvm/gems/ruby-2.1.1@dev/specifications/fog-1.21.0.gemspec
I, [2014-03-31T21:08:06.872261 #88125]  INFO -- : 0:  tilt (1.4.1) from /Users/wan/.rvm/gems/ruby-2.1.1@dev/specifications/tilt-1.4.1.gemspec
I, [2014-03-31T21:08:06.872605 #88125]  INFO -- : 0:  haml (4.0.5) from /Users/wan/.rvm/gems/ruby-2.1.1@dev/specifications/haml-4.0.5.gemspec
I, [2014-03-31T21:08:06.872947 #88125]  INFO -- : 0:  hike (1.2.3) from /Users/wan/.rvm/gems/ruby-2.1.1@dev/specifications/hike-1.2.3.gemspec
I, [2014-03-31T21:08:06.873264 #88125]  INFO -- : 0:  json (1.8.1) from /Users/wan/.rvm/rubies/ruby-2.1.1/lib/ruby/gems/2.1.0/specifications/default/json-1.8.1.gemspec
I, [2014-03-31T21:08:06.873585 #88125]  INFO -- : 0:  kramdown (1.3.3) from /Users/wan/.rvm/gems/ruby-2.1.1@dev/specifications/kramdown-1.3.3.gemspec
I, [2014-03-31T21:08:06.873895 #88125]  INFO -- : 0:  rb-fsevent (0.9.4) from /Users/wan/.rvm/gems/ruby-2.1.1@dev/specifications/rb-fsevent-0.9.4.gemspec
I, [2014-03-31T21:08:06.874233 #88125]  INFO -- : 0:  rb-inotify (0.9.3) from /Users/wan/.rvm/gems/ruby-2.1.1@dev/specifications/rb-inotify-0.9.3.gemspec
I, [2014-03-31T21:08:06.874567 #88125]  INFO -- : 0:  rb-kqueue (0.2.2) from /Users/wan/.rvm/gems/ruby-2.1.1@dev/specifications/rb-kqueue-0.2.2.gemspec
I, [2014-03-31T21:08:06.874904 #88125]  INFO -- : 0:  listen (1.3.1) from /Users/wan/.rvm/gems/ruby-2.1.1@dev/specifications/listen-1.3.1.gemspec
I, [2014-03-31T21:08:06.875245 #88125]  INFO -- : 0:  map (6.5.3) from /Users/wan/.rvm/gems/ruby-2.1.1@dev/specifications/map-6.5.3.gemspec
I, [2014-03-31T21:08:06.875555 #88125]  INFO -- : 0:  bundler (1.5.1) from /Users/wan/.rvm/gems/ruby-2.1.1@global/specifications/bundler-1.5.1.gemspec
I, [2014-03-31T21:08:06.875891 #88125]  INFO -- : 0:  rack (1.5.2) from /Users/wan/.rvm/gems/ruby-2.1.1@dev/specifications/rack-1.5.2.gemspec
I, [2014-03-31T21:08:06.876228 #88125]  INFO -- : 0:  rack-test (0.6.2) from /Users/wan/.rvm/gems/ruby-2.1.1@dev/specifications/rack-test-0.6.2.gemspec
I, [2014-03-31T21:08:06.876560 #88125]  INFO -- : 0:  thor (0.19.1) from /Users/wan/.rvm/gems/ruby-2.1.1@dev/specifications/thor-0.19.1.gemspec
I, [2014-03-31T21:08:06.876892 #88125]  INFO -- : 0:  middleman-core (3.2.2) from /Users/wan/.rvm/gems/ruby-2.1.1@dev/specifications/middleman-core-3.2.2.gemspec
I, [2014-03-31T21:08:06.877224 #88125]  INFO -- : 0:  sprockets (2.12.0) from /Users/wan/.rvm/gems/ruby-2.1.1@dev/specifications/sprockets-2.12.0.gemspec
I, [2014-03-31T21:08:06.877546 #88125]  INFO -- : 0:  sprockets-helpers (1.0.1) from /Users/wan/.rvm/gems/ruby-2.1.1@dev/specifications/sprockets-helpers-1.0.1.gemspec
I, [2014-03-31T21:08:06.877876 #88125]  INFO -- : 0:  sprockets-sass (1.0.3) from /Users/wan/.rvm/gems/ruby-2.1.1@dev/specifications/sprockets-sass-1.0.3.gemspec
I, [2014-03-31T21:08:06.878207 #88125]  INFO -- : 0:  middleman-sprockets (3.3.1) from /Users/wan/.rvm/gems/ruby-2.1.1@dev/specifications/middleman-sprockets-3.3.1.gemspec
I, [2014-03-31T21:08:06.878687 #88125]  INFO -- : 0:  uglifier (2.4.0) from /Users/wan/.rvm/gems/ruby-2.1.1@dev/specifications/uglifier-2.4.0.gemspec
I, [2014-03-31T21:08:06.879003 #88125]  INFO -- : 0:  middleman (3.2.2) from /Users/wan/.rvm/gems/ruby-2.1.1@dev/specifications/middleman-3.2.2.gemspec
I, [2014-03-31T21:08:06.879322 #88125]  INFO -- : 0:  rack-livereload (0.3.15) from /Users/wan/.rvm/gems/ruby-2.1.1@dev/specifications/rack-livereload-0.3.15.gemspec
I, [2014-03-31T21:08:06.879642 #88125]  INFO -- : 0:  middleman-livereload (3.1.1) from /Users/wan/.rvm/gems/ruby-2.1.1@dev/specifications/middleman-livereload-3.1.1.gemspec
I, [2014-03-31T21:08:06.879971 #88125]  INFO -- : 0:  pmap (1.0.1) from /Users/wan/.rvm/gems/ruby-2.1.1@dev/specifications/pmap-1.0.1.gemspec
I, [2014-03-31T21:08:06.880308 #88125]  INFO -- : 0:  ruby-progressbar (1.4.2) from /Users/wan/.rvm/gems/ruby-2.1.1@dev/specifications/ruby-progressbar-1.4.2.gemspec
I, [2014-03-31T21:08:06.880630 #88125]  INFO -- : 0:  unf_ext (0.0.6) from /Users/wan/.rvm/gems/ruby-2.1.1@dev/specifications/unf_ext-0.0.6.gemspec
I, [2014-03-31T21:08:06.880954 #88125]  INFO -- : 0:  unf (0.1.3) from /Users/wan/.rvm/gems/ruby-2.1.1@dev/specifications/unf-0.1.3.gemspec
I, [2014-03-31T21:08:06.881288 #88125]  INFO -- : 0:  middleman-s3_sync (3.0.25) from /Users/wan/.rvm/gems/ruby-2.1.1@dev/specifications/middleman-s3_sync-3.0.25.gemspec
